2021-11-08 22:08:29,576 [INFO ] W-9000-smoke_1.0-stdout MODEL_LOG - Listening on port: /var/folders/v7/xnn9tnl54vl_ykz9gplc3swc0000gn/T//.ts.sock.9000
2021-11-08 22:08:29,576 [INFO ] W-9003-smoke_1.0-stdout MODEL_LOG - Listening on port: /var/folders/v7/xnn9tnl54vl_ykz9gplc3swc0000gn/T//.ts.sock.9003
2021-11-08 22:08:29,576 [INFO ] W-9007-smoke_1.0-stdout MODEL_LOG - Listening on port: /var/folders/v7/xnn9tnl54vl_ykz9gplc3swc0000gn/T//.ts.sock.9007
2021-11-08 22:08:29,576 [INFO ] W-9006-smoke_1.0-stdout MODEL_LOG - Listening on port: /var/folders/v7/xnn9tnl54vl_ykz9gplc3swc0000gn/T//.ts.sock.9006
2021-11-08 22:08:29,576 [INFO ] W-9001-smoke_1.0-stdout MODEL_LOG - Listening on port: /var/folders/v7/xnn9tnl54vl_ykz9gplc3swc0000gn/T//.ts.sock.9001
2021-11-08 22:08:29,576 [INFO ] W-9003-smoke_1.0-stdout MODEL_LOG - [PID]5572
2021-11-08 22:08:29,576 [INFO ] W-9005-smoke_1.0-stdout MODEL_LOG - Listening on port: /var/folders/v7/xnn9tnl54vl_ykz9gplc3swc0000gn/T//.ts.sock.9005
2021-11-08 22:08:29,576 [INFO ] W-9002-smoke_1.0-stdout MODEL_LOG - Listening on port: /var/folders/v7/xnn9tnl54vl_ykz9gplc3swc0000gn/T//.ts.sock.9002
2021-11-08 22:08:29,576 [INFO ] W-9006-smoke_1.0-stdout MODEL_LOG - [PID]5570
2021-11-08 22:08:29,577 [INFO ] W-9005-smoke_1.0-stdout MODEL_LOG - [PID]5573
2021-11-08 22:08:29,577 [INFO ] W-9006-smoke_1.0-stdout MODEL_LOG - Torch worker started.
2021-11-08 22:08:29,576 [INFO ] W-9001-smoke_1.0-stdout MODEL_LOG - [PID]5574
2021-11-08 22:08:29,577 [INFO ] W-9006-smoke_1.0-stdout MODEL_LOG - Python runtime: 3.8.12
2021-11-08 22:08:29,577 [INFO ] W-9001-smoke_1.0-stdout MODEL_LOG - Torch worker started.
2021-11-08 22:08:29,576 [INFO ] W-9007-smoke_1.0-stdout MODEL_LOG - [PID]5576
2021-11-08 22:08:29,576 [INFO ] W-9000-smoke_1.0-stdout MODEL_LOG - [PID]5571
2021-11-08 22:08:29,577 [INFO ] W-9007-smoke_1.0-stdout MODEL_LOG - Torch worker started.
2021-11-08 22:08:29,577 [INFO ] W-9001-smoke_1.0-stdout MODEL_LOG - Python runtime: 3.8.12
2021-11-08 22:08:29,577 [INFO ] W-9007-smoke_1.0-stdout MODEL_LOG - Python runtime: 3.8.12
2021-11-08 22:08:29,577 [INFO ] W-9005-smoke_1.0-stdout MODEL_LOG - Torch worker started.
2021-11-08 22:08:29,577 [INFO ] W-9002-smoke_1.0-stdout MODEL_LOG - [PID]5575
2021-11-08 22:08:29,577 [INFO ] W-9003-smoke_1.0-stdout MODEL_LOG - Torch worker started.
2021-11-08 22:08:29,578 [INFO ] W-9005-smoke_1.0-stdout MODEL_LOG - Python runtime: 3.8.12
2021-11-08 22:08:29,577 [INFO ] W-9000-smoke_1.0-stdout MODEL_LOG - Torch worker started.
2021-11-08 22:08:29,578 [INFO ] W-9003-smoke_1.0-stdout MODEL_LOG - Python runtime: 3.8.12
2021-11-08 22:08:29,578 [INFO ] W-9002-smoke_1.0-stdout MODEL_LOG - Torch worker started.
2021-11-08 22:08:29,578 [INFO ] W-9000-smoke_1.0-stdout MODEL_LOG - Python runtime: 3.8.12
2021-11-08 22:08:29,578 [INFO ] W-9002-smoke_1.0-stdout MODEL_LOG - Python runtime: 3.8.12
2021-11-08 22:08:29,582 [INFO ] W-9004-smoke_1.0-stdout MODEL_LOG - Listening on port: /var/folders/v7/xnn9tnl54vl_ykz9gplc3swc0000gn/T//.ts.sock.9004
2021-11-08 22:08:29,593 [INFO ] W-9004-smoke_1.0-stdout MODEL_LOG - [PID]5569
2021-11-08 22:08:29,593 [INFO ] W-9004-smoke_1.0-stdout MODEL_LOG - Torch worker started.
2021-11-08 22:08:29,593 [INFO ] W-9004-smoke_1.0-stdout MODEL_LOG - Python runtime: 3.8.12
2021-11-08 22:08:29,629 [INFO ] W-9006-smoke_1.0-stdout MODEL_LOG - Connection accepted: /var/folders/v7/xnn9tnl54vl_ykz9gplc3swc0000gn/T//.ts.sock.9006.
2021-11-08 22:08:29,629 [INFO ] W-9007-smoke_1.0-stdout MODEL_LOG - Connection accepted: /var/folders/v7/xnn9tnl54vl_ykz9gplc3swc0000gn/T//.ts.sock.9007.
2021-11-08 22:08:29,629 [INFO ] W-9000-smoke_1.0-stdout MODEL_LOG - Connection accepted: /var/folders/v7/xnn9tnl54vl_ykz9gplc3swc0000gn/T//.ts.sock.9000.
2021-11-08 22:08:29,629 [INFO ] W-9005-smoke_1.0-stdout MODEL_LOG - Connection accepted: /var/folders/v7/xnn9tnl54vl_ykz9gplc3swc0000gn/T//.ts.sock.9005.
2021-11-08 22:08:29,632 [INFO ] W-9003-smoke_1.0-stdout MODEL_LOG - Connection accepted: /var/folders/v7/xnn9tnl54vl_ykz9gplc3swc0000gn/T//.ts.sock.9003.
2021-11-08 22:08:29,633 [INFO ] W-9002-smoke_1.0-stdout MODEL_LOG - Connection accepted: /var/folders/v7/xnn9tnl54vl_ykz9gplc3swc0000gn/T//.ts.sock.9002.
2021-11-08 22:08:29,633 [INFO ] W-9001-smoke_1.0-stdout MODEL_LOG - Connection accepted: /var/folders/v7/xnn9tnl54vl_ykz9gplc3swc0000gn/T//.ts.sock.9001.
2021-11-08 22:08:29,633 [INFO ] W-9004-smoke_1.0-stdout MODEL_LOG - Connection accepted: /var/folders/v7/xnn9tnl54vl_ykz9gplc3swc0000gn/T//.ts.sock.9004.
2021-11-08 22:08:29,785 [INFO ] W-9001-smoke_1.0-stdout MODEL_LOG - model_name: smoke, batchSize: 1
2021-11-08 22:08:29,795 [INFO ] W-9002-smoke_1.0-stdout MODEL_LOG - model_name: smoke, batchSize: 1
2021-11-08 22:08:29,798 [INFO ] W-9000-smoke_1.0-stdout MODEL_LOG - model_name: smoke, batchSize: 1
2021-11-08 22:08:29,800 [INFO ] W-9004-smoke_1.0-stdout MODEL_LOG - model_name: smoke, batchSize: 1
2021-11-08 22:08:29,804 [INFO ] W-9005-smoke_1.0-stdout MODEL_LOG - model_name: smoke, batchSize: 1
2021-11-08 22:08:29,805 [INFO ] W-9006-smoke_1.0-stdout MODEL_LOG - model_name: smoke, batchSize: 1
2021-11-08 22:08:29,805 [INFO ] W-9003-smoke_1.0-stdout MODEL_LOG - model_name: smoke, batchSize: 1
2021-11-08 22:08:29,805 [INFO ] W-9007-smoke_1.0-stdout MODEL_LOG - model_name: smoke, batchSize: 1
2021-11-08 22:08:31,836 [INFO ] W-9004-smoke_1.0-stdout MODEL_LOG - Missing the index_to_name.json file. Inference output will not include class name.
2021-11-08 22:08:31,836 [INFO ] W-9003-smoke_1.0-stdout MODEL_LOG - Missing the index_to_name.json file. Inference output will not include class name.
2021-11-08 22:08:31,836 [INFO ] W-9005-smoke_1.0-stdout MODEL_LOG - Missing the index_to_name.json file. Inference output will not include class name.
2021-11-08 22:08:31,836 [INFO ] W-9002-smoke_1.0-stdout MODEL_LOG - Missing the index_to_name.json file. Inference output will not include class name.
2021-11-08 22:08:31,837 [INFO ] W-9000-smoke_1.0-stdout MODEL_LOG - Missing the index_to_name.json file. Inference output will not include class name.
2021-11-08 22:08:31,838 [INFO ] W-9007-smoke_1.0-stdout MODEL_LOG - Missing the index_to_name.json file. Inference output will not include class name.
2021-11-08 22:08:31,839 [INFO ] W-9006-smoke_1.0-stdout MODEL_LOG - Missing the index_to_name.json file. Inference output will not include class name.
2021-11-08 22:08:31,839 [INFO ] W-9001-smoke_1.0-stdout MODEL_LOG - Missing the index_to_name.json file. Inference output will not include class name.
2021-11-08 22:11:49,998 [INFO ] W-9007-smoke_1.0-stdout MODEL_LOG - Frontend disconnected.
2021-11-08 22:11:50,041 [INFO ] W-9005-smoke_1.0-stdout MODEL_LOG - Frontend disconnected.
2021-11-08 22:11:50,122 [INFO ] W-9001-smoke_1.0-stdout MODEL_LOG - Frontend disconnected.
2021-11-08 22:11:50,216 [INFO ] W-9000-smoke_1.0-stdout MODEL_LOG - Frontend disconnected.
2021-11-08 22:18:42,894 [INFO ] W-9001-smoke_1.0-stdout MODEL_LOG - Listening on port: /var/folders/v7/xnn9tnl54vl_ykz9gplc3swc0000gn/T//.ts.sock.9001
2021-11-08 22:18:42,895 [INFO ] W-9002-smoke_1.0-stdout MODEL_LOG - Listening on port: /var/folders/v7/xnn9tnl54vl_ykz9gplc3swc0000gn/T//.ts.sock.9002
2021-11-08 22:18:42,894 [INFO ] W-9000-smoke_1.0-stdout MODEL_LOG - Listening on port: /var/folders/v7/xnn9tnl54vl_ykz9gplc3swc0000gn/T//.ts.sock.9000
2021-11-08 22:18:42,895 [INFO ] W-9001-smoke_1.0-stdout MODEL_LOG - [PID]5711
2021-11-08 22:18:42,894 [INFO ] W-9005-smoke_1.0-stdout MODEL_LOG - Listening on port: /var/folders/v7/xnn9tnl54vl_ykz9gplc3swc0000gn/T//.ts.sock.9005
2021-11-08 22:18:42,895 [INFO ] W-9000-smoke_1.0-stdout MODEL_LOG - [PID]5714
2021-11-08 22:18:42,894 [INFO ] W-9007-smoke_1.0-stdout MODEL_LOG - Listening on port: /var/folders/v7/xnn9tnl54vl_ykz9gplc3swc0000gn/T//.ts.sock.9007
2021-11-08 22:18:42,894 [INFO ] W-9006-smoke_1.0-stdout MODEL_LOG - Listening on port: /var/folders/v7/xnn9tnl54vl_ykz9gplc3swc0000gn/T//.ts.sock.9006
2021-11-08 22:18:42,894 [INFO ] W-9004-smoke_1.0-stdout MODEL_LOG - Listening on port: /var/folders/v7/xnn9tnl54vl_ykz9gplc3swc0000gn/T//.ts.sock.9004
2021-11-08 22:18:42,896 [INFO ] W-9007-smoke_1.0-stdout MODEL_LOG - [PID]5717
2021-11-08 22:18:42,894 [INFO ] W-9003-smoke_1.0-stdout MODEL_LOG - Listening on port: /var/folders/v7/xnn9tnl54vl_ykz9gplc3swc0000gn/T//.ts.sock.9003
2021-11-08 22:18:42,896 [INFO ] W-9006-smoke_1.0-stdout MODEL_LOG - [PID]5713
2021-11-08 22:18:42,895 [INFO ] W-9000-smoke_1.0-stdout MODEL_LOG - Torch worker started.
2021-11-08 22:18:42,895 [INFO ] W-9005-smoke_1.0-stdout MODEL_LOG - [PID]5715
2021-11-08 22:18:42,895 [INFO ] W-9001-smoke_1.0-stdout MODEL_LOG - Torch worker started.
2021-11-08 22:18:42,895 [INFO ] W-9002-smoke_1.0-stdout MODEL_LOG - [PID]5710
2021-11-08 22:18:42,896 [INFO ] W-9005-smoke_1.0-stdout MODEL_LOG - Torch worker started.
2021-11-08 22:18:42,896 [INFO ] W-9000-smoke_1.0-stdout MODEL_LOG - Python runtime: 3.8.12
2021-11-08 22:18:42,896 [INFO ] W-9003-smoke_1.0-stdout MODEL_LOG - [PID]5716
2021-11-08 22:18:42,896 [INFO ] W-9006-smoke_1.0-stdout MODEL_LOG - Torch worker started.
2021-11-08 22:18:42,896 [INFO ] W-9007-smoke_1.0-stdout MODEL_LOG - Torch worker started.
2021-11-08 22:18:42,896 [INFO ] W-9004-smoke_1.0-stdout MODEL_LOG - [PID]5712
2021-11-08 22:18:42,897 [INFO ] W-9006-smoke_1.0-stdout MODEL_LOG - Python runtime: 3.8.12
2021-11-08 22:18:42,896 [INFO ] W-9003-smoke_1.0-stdout MODEL_LOG - Torch worker started.
2021-11-08 22:18:42,896 [INFO ] W-9005-smoke_1.0-stdout MODEL_LOG - Python runtime: 3.8.12
2021-11-08 22:18:42,896 [INFO ] W-9002-smoke_1.0-stdout MODEL_LOG - Torch worker started.
2021-11-08 22:18:42,896 [INFO ] W-9001-smoke_1.0-stdout MODEL_LOG - Python runtime: 3.8.12
2021-11-08 22:18:42,897 [INFO ] W-9004-smoke_1.0-stdout MODEL_LOG - Torch worker started.
2021-11-08 22:18:42,897 [INFO ] W-9007-smoke_1.0-stdout MODEL_LOG - Python runtime: 3.8.12
2021-11-08 22:18:42,897 [INFO ] W-9002-smoke_1.0-stdout MODEL_LOG - Python runtime: 3.8.12
2021-11-08 22:18:42,898 [INFO ] W-9003-smoke_1.0-stdout MODEL_LOG - Python runtime: 3.8.12
2021-11-08 22:18:42,898 [INFO ] W-9004-smoke_1.0-stdout MODEL_LOG - Python runtime: 3.8.12
2021-11-08 22:18:42,918 [INFO ] W-9001-smoke_1.0-stdout MODEL_LOG - Connection accepted: /var/folders/v7/xnn9tnl54vl_ykz9gplc3swc0000gn/T//.ts.sock.9001.
2021-11-08 22:18:42,918 [INFO ] W-9000-smoke_1.0-stdout MODEL_LOG - Connection accepted: /var/folders/v7/xnn9tnl54vl_ykz9gplc3swc0000gn/T//.ts.sock.9000.
2021-11-08 22:18:42,918 [INFO ] W-9007-smoke_1.0-stdout MODEL_LOG - Connection accepted: /var/folders/v7/xnn9tnl54vl_ykz9gplc3swc0000gn/T//.ts.sock.9007.
2021-11-08 22:18:42,919 [INFO ] W-9004-smoke_1.0-stdout MODEL_LOG - Connection accepted: /var/folders/v7/xnn9tnl54vl_ykz9gplc3swc0000gn/T//.ts.sock.9004.
2021-11-08 22:18:42,918 [INFO ] W-9006-smoke_1.0-stdout MODEL_LOG - Connection accepted: /var/folders/v7/xnn9tnl54vl_ykz9gplc3swc0000gn/T//.ts.sock.9006.
2021-11-08 22:18:42,921 [INFO ] W-9002-smoke_1.0-stdout MODEL_LOG - Connection accepted: /var/folders/v7/xnn9tnl54vl_ykz9gplc3swc0000gn/T//.ts.sock.9002.
2021-11-08 22:18:42,922 [INFO ] W-9005-smoke_1.0-stdout MODEL_LOG - Connection accepted: /var/folders/v7/xnn9tnl54vl_ykz9gplc3swc0000gn/T//.ts.sock.9005.
2021-11-08 22:18:42,922 [INFO ] W-9003-smoke_1.0-stdout MODEL_LOG - Connection accepted: /var/folders/v7/xnn9tnl54vl_ykz9gplc3swc0000gn/T//.ts.sock.9003.
2021-11-08 22:18:43,095 [INFO ] W-9005-smoke_1.0-stdout MODEL_LOG - model_name: smoke, batchSize: 1
2021-11-08 22:18:43,095 [INFO ] W-9001-smoke_1.0-stdout MODEL_LOG - model_name: smoke, batchSize: 1
2021-11-08 22:18:43,096 [INFO ] W-9007-smoke_1.0-stdout MODEL_LOG - model_name: smoke, batchSize: 1
2021-11-08 22:18:43,099 [INFO ] W-9002-smoke_1.0-stdout MODEL_LOG - model_name: smoke, batchSize: 1
2021-11-08 22:18:43,102 [INFO ] W-9006-smoke_1.0-stdout MODEL_LOG - model_name: smoke, batchSize: 1
2021-11-08 22:18:43,102 [INFO ] W-9000-smoke_1.0-stdout MODEL_LOG - model_name: smoke, batchSize: 1
2021-11-08 22:18:43,103 [INFO ] W-9004-smoke_1.0-stdout MODEL_LOG - model_name: smoke, batchSize: 1
2021-11-08 22:18:43,106 [INFO ] W-9003-smoke_1.0-stdout MODEL_LOG - model_name: smoke, batchSize: 1
2021-11-08 22:24:19,776 [INFO ] W-9007-smoke_1.0-stdout MODEL_LOG - Frontend disconnected.
2021-11-08 22:24:19,787 [INFO ] W-9006-smoke_1.0-stdout MODEL_LOG - Frontend disconnected.
