2021-11-08 21:28:26,403 - CPUUtilization.Percent:0.0|#Level:Host|#hostname:Abhisheks-MacBook-Pro.local,timestamp:1636435706
2021-11-08 21:28:26,403 - DiskAvailable.Gigabytes:269.9217414855957|#Level:Host|#hostname:Abhisheks-MacBook-Pro.local,timestamp:1636435706
2021-11-08 21:28:26,403 - DiskUsage.Gigabytes:10.44791030883789|#Level:Host|#hostname:Abhisheks-MacBook-Pro.local,timestamp:1636435706
2021-11-08 21:28:26,403 - DiskUtilization.Percent:3.7|#Level:Host|#hostname:Abhisheks-MacBook-Pro.local,timestamp:1636435706
2021-11-08 21:28:26,404 - MemoryAvailable.Megabytes:2426.3125|#Level:Host|#hostname:Abhisheks-MacBook-Pro.local,timestamp:1636435706
2021-11-08 21:28:26,404 - MemoryUsed.Megabytes:4652.22265625|#Level:Host|#hostname:Abhisheks-MacBook-Pro.local,timestamp:1636435706
2021-11-08 21:28:26,404 - MemoryUtilization.Percent:70.4|#Level:Host|#hostname:Abhisheks-MacBook-Pro.local,timestamp:1636435706
2021-11-08 21:29:26,449 - CPUUtilization.Percent:0.0|#Level:Host|#hostname:Abhisheks-MacBook-Pro.local,timestamp:1636435766
2021-11-08 21:29:26,450 - DiskAvailable.Gigabytes:269.91950607299805|#Level:Host|#hostname:Abhisheks-MacBook-Pro.local,timestamp:1636435766
2021-11-08 21:29:26,450 - DiskUsage.Gigabytes:10.44791030883789|#Level:Host|#hostname:Abhisheks-MacBook-Pro.local,timestamp:1636435766
2021-11-08 21:29:26,450 - DiskUtilization.Percent:3.7|#Level:Host|#hostname:Abhisheks-MacBook-Pro.local,timestamp:1636435766
2021-11-08 21:29:26,450 - MemoryAvailable.Megabytes:2362.84765625|#Level:Host|#hostname:Abhisheks-MacBook-Pro.local,timestamp:1636435766
2021-11-08 21:29:26,450 - MemoryUsed.Megabytes:4750.046875|#Level:Host|#hostname:Abhisheks-MacBook-Pro.local,timestamp:1636435766
2021-11-08 21:29:26,450 - MemoryUtilization.Percent:71.2|#Level:Host|#hostname:Abhisheks-MacBook-Pro.local,timestamp:1636435766
2021-11-08 21:30:45,838 - CPUUtilization.Percent:0.0|#Level:Host|#hostname:Abhisheks-MacBook-Pro.local,timestamp:1636435845
2021-11-08 21:30:45,839 - DiskAvailable.Gigabytes:269.9184226989746|#Level:Host|#hostname:Abhisheks-MacBook-Pro.local,timestamp:1636435845
2021-11-08 21:30:45,839 - DiskUsage.Gigabytes:10.44791030883789|#Level:Host|#hostname:Abhisheks-MacBook-Pro.local,timestamp:1636435845
2021-11-08 21:30:45,839 - DiskUtilization.Percent:3.7|#Level:Host|#hostname:Abhisheks-MacBook-Pro.local,timestamp:1636435845
2021-11-08 21:30:45,839 - MemoryAvailable.Megabytes:2435.8671875|#Level:Host|#hostname:Abhisheks-MacBook-Pro.local,timestamp:1636435845
2021-11-08 21:30:45,840 - MemoryUsed.Megabytes:4753.27734375|#Level:Host|#hostname:Abhisheks-MacBook-Pro.local,timestamp:1636435845
2021-11-08 21:30:45,840 - MemoryUtilization.Percent:70.3|#Level:Host|#hostname:Abhisheks-MacBook-Pro.local,timestamp:1636435845
2021-11-08 21:31:27,246 - Requests4XX.Count:1|#Level:Host|#hostname:Abhisheks-MacBook-Pro.local,timestamp:null
2021-11-08 21:31:36,845 - Requests4XX.Count:1|#Level:Host|#hostname:Abhisheks-MacBook-Pro.local,timestamp:null
2021-11-08 21:31:45,859 - CPUUtilization.Percent:0.0|#Level:Host|#hostname:Abhisheks-MacBook-Pro.local,timestamp:1636435905
2021-11-08 21:31:45,859 - DiskAvailable.Gigabytes:269.9174118041992|#Level:Host|#hostname:Abhisheks-MacBook-Pro.local,timestamp:1636435905
2021-11-08 21:31:45,859 - DiskUsage.Gigabytes:10.44791030883789|#Level:Host|#hostname:Abhisheks-MacBook-Pro.local,timestamp:1636435905
2021-11-08 21:31:45,859 - DiskUtilization.Percent:3.7|#Level:Host|#hostname:Abhisheks-MacBook-Pro.local,timestamp:1636435905
2021-11-08 21:31:45,859 - MemoryAvailable.Megabytes:2494.00390625|#Level:Host|#hostname:Abhisheks-MacBook-Pro.local,timestamp:1636435905
2021-11-08 21:31:45,860 - MemoryUsed.Megabytes:4694.75|#Level:Host|#hostname:Abhisheks-MacBook-Pro.local,timestamp:1636435905
2021-11-08 21:31:45,860 - MemoryUtilization.Percent:69.6|#Level:Host|#hostname:Abhisheks-MacBook-Pro.local,timestamp:1636435905
2021-11-08 21:32:45,973 - CPUUtilization.Percent:0.0|#Level:Host|#hostname:Abhisheks-MacBook-Pro.local,timestamp:1636435965
2021-11-08 21:32:45,974 - DiskAvailable.Gigabytes:269.9192199707031|#Level:Host|#hostname:Abhisheks-MacBook-Pro.local,timestamp:1636435965
2021-11-08 21:32:45,974 - DiskUsage.Gigabytes:10.44791030883789|#Level:Host|#hostname:Abhisheks-MacBook-Pro.local,timestamp:1636435965
2021-11-08 21:32:45,975 - DiskUtilization.Percent:3.7|#Level:Host|#hostname:Abhisheks-MacBook-Pro.local,timestamp:1636435965
2021-11-08 21:32:45,975 - MemoryAvailable.Megabytes:2547.63671875|#Level:Host|#hostname:Abhisheks-MacBook-Pro.local,timestamp:1636435965
2021-11-08 21:32:45,975 - MemoryUsed.Megabytes:4635.64453125|#Level:Host|#hostname:Abhisheks-MacBook-Pro.local,timestamp:1636435965
2021-11-08 21:32:45,975 - MemoryUtilization.Percent:68.9|#Level:Host|#hostname:Abhisheks-MacBook-Pro.local,timestamp:1636435965
2021-11-08 21:33:04,551 - Requests4XX.Count:1|#Level:Host|#hostname:Abhisheks-MacBook-Pro.local,timestamp:null
2021-11-08 21:33:04,823 - Requests4XX.Count:1|#Level:Host|#hostname:Abhisheks-MacBook-Pro.local,timestamp:null
2021-11-08 21:33:10,700 - Requests4XX.Count:1|#Level:Host|#hostname:Abhisheks-MacBook-Pro.local,timestamp:null
2021-11-08 21:33:10,841 - Requests4XX.Count:1|#Level:Host|#hostname:Abhisheks-MacBook-Pro.local,timestamp:null
2021-11-08 21:33:45,917 - CPUUtilization.Percent:0.0|#Level:Host|#hostname:Abhisheks-MacBook-Pro.local,timestamp:1636436025
2021-11-08 21:33:45,918 - DiskAvailable.Gigabytes:269.9192810058594|#Level:Host|#hostname:Abhisheks-MacBook-Pro.local,timestamp:1636436025
2021-11-08 21:33:45,918 - DiskUsage.Gigabytes:10.44791030883789|#Level:Host|#hostname:Abhisheks-MacBook-Pro.local,timestamp:1636436025
2021-11-08 21:33:45,918 - DiskUtilization.Percent:3.7|#Level:Host|#hostname:Abhisheks-MacBook-Pro.local,timestamp:1636436025
2021-11-08 21:33:45,919 - MemoryAvailable.Megabytes:2461.77734375|#Level:Host|#hostname:Abhisheks-MacBook-Pro.local,timestamp:1636436025
2021-11-08 21:33:45,919 - MemoryUsed.Megabytes:4679.2734375|#Level:Host|#hostname:Abhisheks-MacBook-Pro.local,timestamp:1636436025
2021-11-08 21:33:45,919 - MemoryUtilization.Percent:69.9|#Level:Host|#hostname:Abhisheks-MacBook-Pro.local,timestamp:1636436025
2021-11-08 21:44:46,044 - CPUUtilization.Percent:0.0|#Level:Host|#hostname:Abhisheks-MacBook-Pro.local,timestamp:1636436686
2021-11-08 21:44:46,044 - DiskAvailable.Gigabytes:269.8326644897461|#Level:Host|#hostname:Abhisheks-MacBook-Pro.local,timestamp:1636436686
2021-11-08 21:44:46,044 - DiskUsage.Gigabytes:10.44791030883789|#Level:Host|#hostname:Abhisheks-MacBook-Pro.local,timestamp:1636436686
2021-11-08 21:44:46,045 - DiskUtilization.Percent:3.7|#Level:Host|#hostname:Abhisheks-MacBook-Pro.local,timestamp:1636436686
2021-11-08 21:44:46,045 - MemoryAvailable.Megabytes:2223.18359375|#Level:Host|#hostname:Abhisheks-MacBook-Pro.local,timestamp:1636436686
2021-11-08 21:44:46,045 - MemoryUsed.Megabytes:4514.2734375|#Level:Host|#hostname:Abhisheks-MacBook-Pro.local,timestamp:1636436686
2021-11-08 21:44:46,045 - MemoryUtilization.Percent:72.9|#Level:Host|#hostname:Abhisheks-MacBook-Pro.local,timestamp:1636436686
2021-11-08 21:45:46,144 - CPUUtilization.Percent:0.0|#Level:Host|#hostname:Abhisheks-MacBook-Pro.local,timestamp:1636436746
2021-11-08 21:45:46,145 - DiskAvailable.Gigabytes:269.8356628417969|#Level:Host|#hostname:Abhisheks-MacBook-Pro.local,timestamp:1636436746
2021-11-08 21:45:46,145 - DiskUsage.Gigabytes:10.44791030883789|#Level:Host|#hostname:Abhisheks-MacBook-Pro.local,timestamp:1636436746
2021-11-08 21:45:46,146 - DiskUtilization.Percent:3.7|#Level:Host|#hostname:Abhisheks-MacBook-Pro.local,timestamp:1636436746
2021-11-08 21:45:46,146 - MemoryAvailable.Megabytes:2239.3984375|#Level:Host|#hostname:Abhisheks-MacBook-Pro.local,timestamp:1636436746
2021-11-08 21:45:46,146 - MemoryUsed.Megabytes:4585.3828125|#Level:Host|#hostname:Abhisheks-MacBook-Pro.local,timestamp:1636436746
2021-11-08 21:45:46,146 - MemoryUtilization.Percent:72.7|#Level:Host|#hostname:Abhisheks-MacBook-Pro.local,timestamp:1636436746
2021-11-08 21:46:46,143 - CPUUtilization.Percent:0.0|#Level:Host|#hostname:Abhisheks-MacBook-Pro.local,timestamp:1636436806
2021-11-08 21:46:46,144 - DiskAvailable.Gigabytes:269.83448791503906|#Level:Host|#hostname:Abhisheks-MacBook-Pro.local,timestamp:1636436806
2021-11-08 21:46:46,144 - DiskUsage.Gigabytes:10.44791030883789|#Level:Host|#hostname:Abhisheks-MacBook-Pro.local,timestamp:1636436806
2021-11-08 21:46:46,144 - DiskUtilization.Percent:3.7|#Level:Host|#hostname:Abhisheks-MacBook-Pro.local,timestamp:1636436806
2021-11-08 21:46:46,144 - MemoryAvailable.Megabytes:2371.0859375|#Level:Host|#hostname:Abhisheks-MacBook-Pro.local,timestamp:1636436806
2021-11-08 21:46:46,145 - MemoryUsed.Megabytes:4598.9765625|#Level:Host|#hostname:Abhisheks-MacBook-Pro.local,timestamp:1636436806
2021-11-08 21:46:46,145 - MemoryUtilization.Percent:71.1|#Level:Host|#hostname:Abhisheks-MacBook-Pro.local,timestamp:1636436806
2021-11-08 21:47:46,158 - CPUUtilization.Percent:0.0|#Level:Host|#hostname:Abhisheks-MacBook-Pro.local,timestamp:1636436866
2021-11-08 21:47:46,159 - DiskAvailable.Gigabytes:269.83331298828125|#Level:Host|#hostname:Abhisheks-MacBook-Pro.local,timestamp:1636436866
2021-11-08 21:47:46,159 - DiskUsage.Gigabytes:10.44791030883789|#Level:Host|#hostname:Abhisheks-MacBook-Pro.local,timestamp:1636436866
2021-11-08 21:47:46,159 - DiskUtilization.Percent:3.7|#Level:Host|#hostname:Abhisheks-MacBook-Pro.local,timestamp:1636436866
2021-11-08 21:47:46,159 - MemoryAvailable.Megabytes:2481.15234375|#Level:Host|#hostname:Abhisheks-MacBook-Pro.local,timestamp:1636436866
2021-11-08 21:47:46,159 - MemoryUsed.Megabytes:4604.53125|#Level:Host|#hostname:Abhisheks-MacBook-Pro.local,timestamp:1636436866
2021-11-08 21:47:46,160 - MemoryUtilization.Percent:69.7|#Level:Host|#hostname:Abhisheks-MacBook-Pro.local,timestamp:1636436866
2021-11-08 21:48:46,152 - CPUUtilization.Percent:0.0|#Level:Host|#hostname:Abhisheks-MacBook-Pro.local,timestamp:1636436926
2021-11-08 21:48:46,152 - DiskAvailable.Gigabytes:269.8317070007324|#Level:Host|#hostname:Abhisheks-MacBook-Pro.local,timestamp:1636436926
2021-11-08 21:48:46,153 - DiskUsage.Gigabytes:10.44791030883789|#Level:Host|#hostname:Abhisheks-MacBook-Pro.local,timestamp:1636436926
2021-11-08 21:48:46,153 - DiskUtilization.Percent:3.7|#Level:Host|#hostname:Abhisheks-MacBook-Pro.local,timestamp:1636436926
2021-11-08 21:48:46,153 - MemoryAvailable.Megabytes:2280.703125|#Level:Host|#hostname:Abhisheks-MacBook-Pro.local,timestamp:1636436926
2021-11-08 21:48:46,153 - MemoryUsed.Megabytes:4614.609375|#Level:Host|#hostname:Abhisheks-MacBook-Pro.local,timestamp:1636436926
2021-11-08 21:48:46,153 - MemoryUtilization.Percent:72.2|#Level:Host|#hostname:Abhisheks-MacBook-Pro.local,timestamp:1636436926
2021-11-08 21:49:46,117 - CPUUtilization.Percent:0.0|#Level:Host|#hostname:Abhisheks-MacBook-Pro.local,timestamp:1636436986
2021-11-08 21:49:46,117 - DiskAvailable.Gigabytes:269.8321228027344|#Level:Host|#hostname:Abhisheks-MacBook-Pro.local,timestamp:1636436986
2021-11-08 21:49:46,117 - DiskUsage.Gigabytes:10.44791030883789|#Level:Host|#hostname:Abhisheks-MacBook-Pro.local,timestamp:1636436986
2021-11-08 21:49:46,118 - DiskUtilization.Percent:3.7|#Level:Host|#hostname:Abhisheks-MacBook-Pro.local,timestamp:1636436986
2021-11-08 21:49:46,118 - MemoryAvailable.Megabytes:2293.53515625|#Level:Host|#hostname:Abhisheks-MacBook-Pro.local,timestamp:1636436986
2021-11-08 21:49:46,118 - MemoryUsed.Megabytes:4563.07421875|#Level:Host|#hostname:Abhisheks-MacBook-Pro.local,timestamp:1636436986
2021-11-08 21:49:46,118 - MemoryUtilization.Percent:72.0|#Level:Host|#hostname:Abhisheks-MacBook-Pro.local,timestamp:1636436986
2021-11-08 21:50:46,153 - CPUUtilization.Percent:0.0|#Level:Host|#hostname:Abhisheks-MacBook-Pro.local,timestamp:1636437046
2021-11-08 21:50:46,154 - DiskAvailable.Gigabytes:269.85397720336914|#Level:Host|#hostname:Abhisheks-MacBook-Pro.local,timestamp:1636437046
2021-11-08 21:50:46,154 - DiskUsage.Gigabytes:10.44791030883789|#Level:Host|#hostname:Abhisheks-MacBook-Pro.local,timestamp:1636437046
2021-11-08 21:50:46,154 - DiskUtilization.Percent:3.7|#Level:Host|#hostname:Abhisheks-MacBook-Pro.local,timestamp:1636437046
2021-11-08 21:50:46,155 - MemoryAvailable.Megabytes:2339.3359375|#Level:Host|#hostname:Abhisheks-MacBook-Pro.local,timestamp:1636437046
2021-11-08 21:50:46,155 - MemoryUsed.Megabytes:4590.26953125|#Level:Host|#hostname:Abhisheks-MacBook-Pro.local,timestamp:1636437046
2021-11-08 21:50:46,155 - MemoryUtilization.Percent:71.4|#Level:Host|#hostname:Abhisheks-MacBook-Pro.local,timestamp:1636437046
2021-11-08 21:51:46,181 - CPUUtilization.Percent:0.0|#Level:Host|#hostname:Abhisheks-MacBook-Pro.local,timestamp:1636437106
2021-11-08 21:51:46,181 - DiskAvailable.Gigabytes:269.82878494262695|#Level:Host|#hostname:Abhisheks-MacBook-Pro.local,timestamp:1636437106
2021-11-08 21:51:46,181 - DiskUsage.Gigabytes:10.44791030883789|#Level:Host|#hostname:Abhisheks-MacBook-Pro.local,timestamp:1636437106
2021-11-08 21:51:46,182 - DiskUtilization.Percent:3.7|#Level:Host|#hostname:Abhisheks-MacBook-Pro.local,timestamp:1636437106
2021-11-08 21:51:46,182 - MemoryAvailable.Megabytes:2240.984375|#Level:Host|#hostname:Abhisheks-MacBook-Pro.local,timestamp:1636437106
2021-11-08 21:51:46,182 - MemoryUsed.Megabytes:4694.0078125|#Level:Host|#hostname:Abhisheks-MacBook-Pro.local,timestamp:1636437106
2021-11-08 21:51:46,182 - MemoryUtilization.Percent:72.6|#Level:Host|#hostname:Abhisheks-MacBook-Pro.local,timestamp:1636437106
2021-11-08 21:59:45,190 - CPUUtilization.Percent:0.0|#Level:Host|#hostname:Abhisheks-MacBook-Pro.local,timestamp:1636437585
2021-11-08 21:59:45,191 - DiskAvailable.Gigabytes:269.79176330566406|#Level:Host|#hostname:Abhisheks-MacBook-Pro.local,timestamp:1636437585
2021-11-08 21:59:45,191 - DiskUsage.Gigabytes:10.44791030883789|#Level:Host|#hostname:Abhisheks-MacBook-Pro.local,timestamp:1636437585
2021-11-08 21:59:45,191 - DiskUtilization.Percent:3.7|#Level:Host|#hostname:Abhisheks-MacBook-Pro.local,timestamp:1636437585
2021-11-08 21:59:45,192 - MemoryAvailable.Megabytes:2280.72265625|#Level:Host|#hostname:Abhisheks-MacBook-Pro.local,timestamp:1636437585
2021-11-08 21:59:45,192 - MemoryUsed.Megabytes:4529.41015625|#Level:Host|#hostname:Abhisheks-MacBook-Pro.local,timestamp:1636437585
2021-11-08 21:59:45,192 - MemoryUtilization.Percent:72.2|#Level:Host|#hostname:Abhisheks-MacBook-Pro.local,timestamp:1636437585
2021-11-08 22:00:45,251 - CPUUtilization.Percent:0.0|#Level:Host|#hostname:Abhisheks-MacBook-Pro.local,timestamp:1636437645
2021-11-08 22:00:45,252 - DiskAvailable.Gigabytes:269.78742599487305|#Level:Host|#hostname:Abhisheks-MacBook-Pro.local,timestamp:1636437645
2021-11-08 22:00:45,252 - DiskUsage.Gigabytes:10.44791030883789|#Level:Host|#hostname:Abhisheks-MacBook-Pro.local,timestamp:1636437645
2021-11-08 22:00:45,252 - DiskUtilization.Percent:3.7|#Level:Host|#hostname:Abhisheks-MacBook-Pro.local,timestamp:1636437645
2021-11-08 22:00:45,252 - MemoryAvailable.Megabytes:2433.42578125|#Level:Host|#hostname:Abhisheks-MacBook-Pro.local,timestamp:1636437645
2021-11-08 22:00:45,253 - MemoryUsed.Megabytes:4619.1171875|#Level:Host|#hostname:Abhisheks-MacBook-Pro.local,timestamp:1636437645
2021-11-08 22:00:45,253 - MemoryUtilization.Percent:70.3|#Level:Host|#hostname:Abhisheks-MacBook-Pro.local,timestamp:1636437645
2021-11-08 22:01:45,142 - CPUUtilization.Percent:0.0|#Level:Host|#hostname:Abhisheks-MacBook-Pro.local,timestamp:1636437705
2021-11-08 22:01:45,142 - DiskAvailable.Gigabytes:269.7870216369629|#Level:Host|#hostname:Abhisheks-MacBook-Pro.local,timestamp:1636437705
2021-11-08 22:01:45,142 - DiskUsage.Gigabytes:10.44791030883789|#Level:Host|#hostname:Abhisheks-MacBook-Pro.local,timestamp:1636437705
2021-11-08 22:01:45,143 - DiskUtilization.Percent:3.7|#Level:Host|#hostname:Abhisheks-MacBook-Pro.local,timestamp:1636437705
2021-11-08 22:01:45,143 - MemoryAvailable.Megabytes:2435.0703125|#Level:Host|#hostname:Abhisheks-MacBook-Pro.local,timestamp:1636437705
2021-11-08 22:01:45,143 - MemoryUsed.Megabytes:4562.06640625|#Level:Host|#hostname:Abhisheks-MacBook-Pro.local,timestamp:1636437705
2021-11-08 22:01:45,143 - MemoryUtilization.Percent:70.3|#Level:Host|#hostname:Abhisheks-MacBook-Pro.local,timestamp:1636437705
2021-11-08 22:02:45,269 - CPUUtilization.Percent:0.0|#Level:Host|#hostname:Abhisheks-MacBook-Pro.local,timestamp:1636437765
2021-11-08 22:02:45,270 - DiskAvailable.Gigabytes:269.7865982055664|#Level:Host|#hostname:Abhisheks-MacBook-Pro.local,timestamp:1636437765
2021-11-08 22:02:45,270 - DiskUsage.Gigabytes:10.44791030883789|#Level:Host|#hostname:Abhisheks-MacBook-Pro.local,timestamp:1636437765
2021-11-08 22:02:45,271 - DiskUtilization.Percent:3.7|#Level:Host|#hostname:Abhisheks-MacBook-Pro.local,timestamp:1636437765
2021-11-08 22:02:45,271 - MemoryAvailable.Megabytes:2519.06640625|#Level:Host|#hostname:Abhisheks-MacBook-Pro.local,timestamp:1636437765
2021-11-08 22:02:45,271 - MemoryUsed.Megabytes:4562.92578125|#Level:Host|#hostname:Abhisheks-MacBook-Pro.local,timestamp:1636437765
2021-11-08 22:02:45,271 - MemoryUtilization.Percent:69.2|#Level:Host|#hostname:Abhisheks-MacBook-Pro.local,timestamp:1636437765
2021-11-08 22:08:26,770 - CPUUtilization.Percent:100.0|#Level:Host|#hostname:Abhisheks-MacBook-Pro.local,timestamp:1636438106
2021-11-08 22:08:26,771 - DiskAvailable.Gigabytes:269.7460746765137|#Level:Host|#hostname:Abhisheks-MacBook-Pro.local,timestamp:1636438106
2021-11-08 22:08:26,771 - DiskUsage.Gigabytes:10.44791030883789|#Level:Host|#hostname:Abhisheks-MacBook-Pro.local,timestamp:1636438106
2021-11-08 22:08:26,771 - DiskUtilization.Percent:3.7|#Level:Host|#hostname:Abhisheks-MacBook-Pro.local,timestamp:1636438106
2021-11-08 22:08:26,771 - MemoryAvailable.Megabytes:2381.1484375|#Level:Host|#hostname:Abhisheks-MacBook-Pro.local,timestamp:1636438106
2021-11-08 22:08:26,772 - MemoryUsed.Megabytes:4724.09375|#Level:Host|#hostname:Abhisheks-MacBook-Pro.local,timestamp:1636438106
2021-11-08 22:08:26,772 - MemoryUtilization.Percent:70.9|#Level:Host|#hostname:Abhisheks-MacBook-Pro.local,timestamp:1636438106
2021-11-08 22:08:31,854 - W-9007-smoke_1.0.ms:5834|#Level:Host|#hostname:Abhisheks-MacBook-Pro.local,timestamp:1636438111
2021-11-08 22:08:31,854 - W-9001-smoke_1.0.ms:5835|#Level:Host|#hostname:Abhisheks-MacBook-Pro.local,timestamp:1636438111
2021-11-08 22:08:31,854 - W-9004-smoke_1.0.ms:5835|#Level:Host|#hostname:Abhisheks-MacBook-Pro.local,timestamp:1636438111
2021-11-08 22:08:31,854 - W-9000-smoke_1.0.ms:5839|#Level:Host|#hostname:Abhisheks-MacBook-Pro.local,timestamp:1636438111
2021-11-08 22:08:31,854 - WorkerThreadTime.ms:177|#Level:Host|#hostname:Abhisheks-MacBook-Pro.local,timestamp:null
2021-11-08 22:08:31,854 - W-9005-smoke_1.0.ms:5835|#Level:Host|#hostname:Abhisheks-MacBook-Pro.local,timestamp:1636438111
2021-11-08 22:08:31,855 - W-9006-smoke_1.0.ms:5836|#Level:Host|#hostname:Abhisheks-MacBook-Pro.local,timestamp:1636438111
2021-11-08 22:08:31,855 - W-9002-smoke_1.0.ms:5836|#Level:Host|#hostname:Abhisheks-MacBook-Pro.local,timestamp:1636438111
2021-11-08 22:08:31,856 - WorkerThreadTime.ms:176|#Level:Host|#hostname:Abhisheks-MacBook-Pro.local,timestamp:null
2021-11-08 22:08:31,855 - W-9003-smoke_1.0.ms:5836|#Level:Host|#hostname:Abhisheks-MacBook-Pro.local,timestamp:1636438111
2021-11-08 22:08:31,856 - WorkerThreadTime.ms:171|#Level:Host|#hostname:Abhisheks-MacBook-Pro.local,timestamp:null
2021-11-08 22:08:31,856 - WorkerThreadTime.ms:163|#Level:Host|#hostname:Abhisheks-MacBook-Pro.local,timestamp:null
2021-11-08 22:08:31,855 - WorkerThreadTime.ms:176|#Level:Host|#hostname:Abhisheks-MacBook-Pro.local,timestamp:null
2021-11-08 22:08:31,856 - WorkerThreadTime.ms:178|#Level:Host|#hostname:Abhisheks-MacBook-Pro.local,timestamp:null
2021-11-08 22:08:31,856 - WorkerThreadTime.ms:172|#Level:Host|#hostname:Abhisheks-MacBook-Pro.local,timestamp:null
2021-11-08 22:08:31,856 - WorkerThreadTime.ms:167|#Level:Host|#hostname:Abhisheks-MacBook-Pro.local,timestamp:null
2021-11-08 22:09:26,843 - CPUUtilization.Percent:0.0|#Level:Host|#hostname:Abhisheks-MacBook-Pro.local,timestamp:1636438166
2021-11-08 22:09:26,844 - DiskAvailable.Gigabytes:268.7459831237793|#Level:Host|#hostname:Abhisheks-MacBook-Pro.local,timestamp:1636438166
2021-11-08 22:09:26,844 - DiskUsage.Gigabytes:10.44791030883789|#Level:Host|#hostname:Abhisheks-MacBook-Pro.local,timestamp:1636438166
2021-11-08 22:09:26,844 - DiskUtilization.Percent:3.7|#Level:Host|#hostname:Abhisheks-MacBook-Pro.local,timestamp:1636438166
2021-11-08 22:09:26,844 - MemoryAvailable.Megabytes:2224.62109375|#Level:Host|#hostname:Abhisheks-MacBook-Pro.local,timestamp:1636438166
2021-11-08 22:09:26,844 - MemoryUsed.Megabytes:4577.65625|#Level:Host|#hostname:Abhisheks-MacBook-Pro.local,timestamp:1636438166
2021-11-08 22:09:26,844 - MemoryUtilization.Percent:72.8|#Level:Host|#hostname:Abhisheks-MacBook-Pro.local,timestamp:1636438166
2021-11-08 22:09:35,876 - Requests4XX.Count:1|#Level:Host|#hostname:Abhisheks-MacBook-Pro.local,timestamp:null
2021-11-08 22:09:36,051 - Requests4XX.Count:1|#Level:Host|#hostname:Abhisheks-MacBook-Pro.local,timestamp:null
2021-11-08 22:09:44,477 - Requests2XX.Count:1|#Level:Host|#hostname:Abhisheks-MacBook-Pro.local,timestamp:null
2021-11-08 22:09:44,478 - QueueTime.ms:0|#Level:Host|#hostname:Abhisheks-MacBook-Pro.local,timestamp:null
2021-11-08 22:09:44,478 - WorkerThreadTime.ms:3|#Level:Host|#hostname:Abhisheks-MacBook-Pro.local,timestamp:null
2021-11-08 22:09:47,173 - Requests2XX.Count:1|#Level:Host|#hostname:Abhisheks-MacBook-Pro.local,timestamp:null
2021-11-08 22:09:47,173 - QueueTime.ms:0|#Level:Host|#hostname:Abhisheks-MacBook-Pro.local,timestamp:null
2021-11-08 22:09:47,173 - WorkerThreadTime.ms:1|#Level:Host|#hostname:Abhisheks-MacBook-Pro.local,timestamp:null
2021-11-08 22:09:55,399 - Requests2XX.Count:1|#Level:Host|#hostname:Abhisheks-MacBook-Pro.local,timestamp:null
2021-11-08 22:09:55,399 - QueueTime.ms:0|#Level:Host|#hostname:Abhisheks-MacBook-Pro.local,timestamp:null
2021-11-08 22:09:55,400 - WorkerThreadTime.ms:1|#Level:Host|#hostname:Abhisheks-MacBook-Pro.local,timestamp:null
2021-11-08 22:10:11,945 - Requests4XX.Count:1|#Level:Host|#hostname:Abhisheks-MacBook-Pro.local,timestamp:null
2021-11-08 22:10:12,148 - Requests4XX.Count:1|#Level:Host|#hostname:Abhisheks-MacBook-Pro.local,timestamp:null
2021-11-08 22:10:18,122 - Requests4XX.Count:1|#Level:Host|#hostname:Abhisheks-MacBook-Pro.local,timestamp:null
2021-11-08 22:10:18,311 - Requests4XX.Count:1|#Level:Host|#hostname:Abhisheks-MacBook-Pro.local,timestamp:null
2021-11-08 22:10:26,879 - CPUUtilization.Percent:0.0|#Level:Host|#hostname:Abhisheks-MacBook-Pro.local,timestamp:1636438226
2021-11-08 22:10:26,880 - DiskAvailable.Gigabytes:268.74907302856445|#Level:Host|#hostname:Abhisheks-MacBook-Pro.local,timestamp:1636438226
2021-11-08 22:10:26,880 - DiskUsage.Gigabytes:10.44791030883789|#Level:Host|#hostname:Abhisheks-MacBook-Pro.local,timestamp:1636438226
2021-11-08 22:10:26,880 - DiskUtilization.Percent:3.7|#Level:Host|#hostname:Abhisheks-MacBook-Pro.local,timestamp:1636438226
2021-11-08 22:10:26,880 - MemoryAvailable.Megabytes:2231.921875|#Level:Host|#hostname:Abhisheks-MacBook-Pro.local,timestamp:1636438226
2021-11-08 22:10:26,880 - MemoryUsed.Megabytes:4563.15234375|#Level:Host|#hostname:Abhisheks-MacBook-Pro.local,timestamp:1636438226
2021-11-08 22:10:26,880 - MemoryUtilization.Percent:72.8|#Level:Host|#hostname:Abhisheks-MacBook-Pro.local,timestamp:1636438226
2021-11-08 22:11:26,815 - CPUUtilization.Percent:0.0|#Level:Host|#hostname:Abhisheks-MacBook-Pro.local,timestamp:1636438286
2021-11-08 22:11:26,816 - DiskAvailable.Gigabytes:268.7480278015137|#Level:Host|#hostname:Abhisheks-MacBook-Pro.local,timestamp:1636438286
2021-11-08 22:11:26,816 - DiskUsage.Gigabytes:10.44791030883789|#Level:Host|#hostname:Abhisheks-MacBook-Pro.local,timestamp:1636438286
2021-11-08 22:11:26,816 - DiskUtilization.Percent:3.7|#Level:Host|#hostname:Abhisheks-MacBook-Pro.local,timestamp:1636438286
2021-11-08 22:11:26,816 - MemoryAvailable.Megabytes:2199.3984375|#Level:Host|#hostname:Abhisheks-MacBook-Pro.local,timestamp:1636438286
2021-11-08 22:11:26,816 - MemoryUsed.Megabytes:4470.59375|#Level:Host|#hostname:Abhisheks-MacBook-Pro.local,timestamp:1636438286
2021-11-08 22:11:26,816 - MemoryUtilization.Percent:73.2|#Level:Host|#hostname:Abhisheks-MacBook-Pro.local,timestamp:1636438286
2021-11-08 22:18:40,376 - CPUUtilization.Percent:0.0|#Level:Host|#hostname:Abhisheks-MacBook-Pro.local,timestamp:1636438720
2021-11-08 22:18:40,377 - DiskAvailable.Gigabytes:269.70128631591797|#Level:Host|#hostname:Abhisheks-MacBook-Pro.local,timestamp:1636438720
2021-11-08 22:18:40,378 - DiskUsage.Gigabytes:10.44791030883789|#Level:Host|#hostname:Abhisheks-MacBook-Pro.local,timestamp:1636438720
2021-11-08 22:18:40,378 - DiskUtilization.Percent:3.7|#Level:Host|#hostname:Abhisheks-MacBook-Pro.local,timestamp:1636438720
2021-11-08 22:18:40,378 - MemoryAvailable.Megabytes:1989.9609375|#Level:Host|#hostname:Abhisheks-MacBook-Pro.local,timestamp:1636438720
2021-11-08 22:18:40,378 - MemoryUsed.Megabytes:4585.265625|#Level:Host|#hostname:Abhisheks-MacBook-Pro.local,timestamp:1636438720
2021-11-08 22:18:40,379 - MemoryUtilization.Percent:75.7|#Level:Host|#hostname:Abhisheks-MacBook-Pro.local,timestamp:1636438720
2021-11-08 22:18:44,516 - W-9005-smoke_1.0.ms:4892|#Level:Host|#hostname:Abhisheks-MacBook-Pro.local,timestamp:1636438724
2021-11-08 22:18:44,517 - W-9000-smoke_1.0.ms:4897|#Level:Host|#hostname:Abhisheks-MacBook-Pro.local,timestamp:1636438724
2021-11-08 22:18:44,516 - W-9007-smoke_1.0.ms:4892|#Level:Host|#hostname:Abhisheks-MacBook-Pro.local,timestamp:1636438724
2021-11-08 22:18:44,516 - W-9006-smoke_1.0.ms:4892|#Level:Host|#hostname:Abhisheks-MacBook-Pro.local,timestamp:1636438724
2021-11-08 22:18:44,516 - W-9002-smoke_1.0.ms:4893|#Level:Host|#hostname:Abhisheks-MacBook-Pro.local,timestamp:1636438724
2021-11-08 22:18:44,517 - WorkerThreadTime.ms:175|#Level:Host|#hostname:Abhisheks-MacBook-Pro.local,timestamp:null
2021-11-08 22:18:44,517 - W-9003-smoke_1.0.ms:4893|#Level:Host|#hostname:Abhisheks-MacBook-Pro.local,timestamp:1636438724
2021-11-08 22:18:44,517 - WorkerThreadTime.ms:181|#Level:Host|#hostname:Abhisheks-MacBook-Pro.local,timestamp:null
2021-11-08 22:18:44,517 - WorkerThreadTime.ms:174|#Level:Host|#hostname:Abhisheks-MacBook-Pro.local,timestamp:null
2021-11-08 22:18:44,517 - WorkerThreadTime.ms:183|#Level:Host|#hostname:Abhisheks-MacBook-Pro.local,timestamp:null
2021-11-08 22:18:44,517 - WorkerThreadTime.ms:177|#Level:Host|#hostname:Abhisheks-MacBook-Pro.local,timestamp:null
2021-11-08 22:18:44,517 - WorkerThreadTime.ms:181|#Level:Host|#hostname:Abhisheks-MacBook-Pro.local,timestamp:null
2021-11-08 22:18:44,518 - W-9001-smoke_1.0.ms:4895|#Level:Host|#hostname:Abhisheks-MacBook-Pro.local,timestamp:1636438724
2021-11-08 22:18:44,519 - WorkerThreadTime.ms:174|#Level:Host|#hostname:Abhisheks-MacBook-Pro.local,timestamp:null
2021-11-08 22:18:44,519 - W-9004-smoke_1.0.ms:4895|#Level:Host|#hostname:Abhisheks-MacBook-Pro.local,timestamp:1636438724
2021-11-08 22:18:44,519 - WorkerThreadTime.ms:180|#Level:Host|#hostname:Abhisheks-MacBook-Pro.local,timestamp:null
2021-11-08 22:19:07,938 - Requests2XX.Count:1|#Level:Host|#hostname:Abhisheks-MacBook-Pro.local,timestamp:null
2021-11-08 22:19:07,938 - QueueTime.ms:0|#Level:Host|#hostname:Abhisheks-MacBook-Pro.local,timestamp:null
2021-11-08 22:19:07,938 - WorkerThreadTime.ms:3|#Level:Host|#hostname:Abhisheks-MacBook-Pro.local,timestamp:null
2021-11-08 22:19:13,018 - Requests2XX.Count:1|#Level:Host|#hostname:Abhisheks-MacBook-Pro.local,timestamp:null
2021-11-08 22:19:13,019 - QueueTime.ms:0|#Level:Host|#hostname:Abhisheks-MacBook-Pro.local,timestamp:null
2021-11-08 22:19:13,019 - WorkerThreadTime.ms:2|#Level:Host|#hostname:Abhisheks-MacBook-Pro.local,timestamp:null
2021-11-08 22:19:40,419 - CPUUtilization.Percent:0.0|#Level:Host|#hostname:Abhisheks-MacBook-Pro.local,timestamp:1636438780
2021-11-08 22:19:40,420 - DiskAvailable.Gigabytes:268.70124435424805|#Level:Host|#hostname:Abhisheks-MacBook-Pro.local,timestamp:1636438780
2021-11-08 22:19:40,420 - DiskUsage.Gigabytes:10.44791030883789|#Level:Host|#hostname:Abhisheks-MacBook-Pro.local,timestamp:1636438780
2021-11-08 22:19:40,420 - DiskUtilization.Percent:3.7|#Level:Host|#hostname:Abhisheks-MacBook-Pro.local,timestamp:1636438780
2021-11-08 22:19:40,420 - MemoryAvailable.Megabytes:2498.3984375|#Level:Host|#hostname:Abhisheks-MacBook-Pro.local,timestamp:1636438780
2021-11-08 22:19:40,420 - MemoryUsed.Megabytes:4878.2890625|#Level:Host|#hostname:Abhisheks-MacBook-Pro.local,timestamp:1636438780
2021-11-08 22:19:40,421 - MemoryUtilization.Percent:69.5|#Level:Host|#hostname:Abhisheks-MacBook-Pro.local,timestamp:1636438780
2021-11-08 22:20:40,456 - CPUUtilization.Percent:0.0|#Level:Host|#hostname:Abhisheks-MacBook-Pro.local,timestamp:1636438840
2021-11-08 22:20:40,457 - DiskAvailable.Gigabytes:268.70494079589844|#Level:Host|#hostname:Abhisheks-MacBook-Pro.local,timestamp:1636438840
2021-11-08 22:20:40,457 - DiskUsage.Gigabytes:10.44791030883789|#Level:Host|#hostname:Abhisheks-MacBook-Pro.local,timestamp:1636438840
2021-11-08 22:20:40,457 - DiskUtilization.Percent:3.7|#Level:Host|#hostname:Abhisheks-MacBook-Pro.local,timestamp:1636438840
2021-11-08 22:20:40,457 - MemoryAvailable.Megabytes:2530.71875|#Level:Host|#hostname:Abhisheks-MacBook-Pro.local,timestamp:1636438840
2021-11-08 22:20:40,457 - MemoryUsed.Megabytes:4672.890625|#Level:Host|#hostname:Abhisheks-MacBook-Pro.local,timestamp:1636438840
2021-11-08 22:20:40,457 - MemoryUtilization.Percent:69.1|#Level:Host|#hostname:Abhisheks-MacBook-Pro.local,timestamp:1636438840
2021-11-08 22:21:32,459 - Requests2XX.Count:1|#Level:Host|#hostname:Abhisheks-MacBook-Pro.local,timestamp:null
2021-11-08 22:21:32,460 - QueueTime.ms:0|#Level:Host|#hostname:Abhisheks-MacBook-Pro.local,timestamp:null
2021-11-08 22:21:32,460 - WorkerThreadTime.ms:3|#Level:Host|#hostname:Abhisheks-MacBook-Pro.local,timestamp:null
2021-11-08 22:21:40,443 - CPUUtilization.Percent:0.0|#Level:Host|#hostname:Abhisheks-MacBook-Pro.local,timestamp:1636438900
2021-11-08 22:21:40,443 - DiskAvailable.Gigabytes:268.70480728149414|#Level:Host|#hostname:Abhisheks-MacBook-Pro.local,timestamp:1636438900
2021-11-08 22:21:40,444 - DiskUsage.Gigabytes:10.44791030883789|#Level:Host|#hostname:Abhisheks-MacBook-Pro.local,timestamp:1636438900
2021-11-08 22:21:40,444 - DiskUtilization.Percent:3.7|#Level:Host|#hostname:Abhisheks-MacBook-Pro.local,timestamp:1636438900
2021-11-08 22:21:40,444 - MemoryAvailable.Megabytes:2488.9375|#Level:Host|#hostname:Abhisheks-MacBook-Pro.local,timestamp:1636438900
2021-11-08 22:21:40,444 - MemoryUsed.Megabytes:4687.48828125|#Level:Host|#hostname:Abhisheks-MacBook-Pro.local,timestamp:1636438900
2021-11-08 22:21:40,444 - MemoryUtilization.Percent:69.6|#Level:Host|#hostname:Abhisheks-MacBook-Pro.local,timestamp:1636438900
2021-11-08 22:22:40,460 - CPUUtilization.Percent:0.0|#Level:Host|#hostname:Abhisheks-MacBook-Pro.local,timestamp:1636438960
2021-11-08 22:22:40,461 - DiskAvailable.Gigabytes:268.70519256591797|#Level:Host|#hostname:Abhisheks-MacBook-Pro.local,timestamp:1636438960
2021-11-08 22:22:40,461 - DiskUsage.Gigabytes:10.44791030883789|#Level:Host|#hostname:Abhisheks-MacBook-Pro.local,timestamp:1636438960
2021-11-08 22:22:40,461 - DiskUtilization.Percent:3.7|#Level:Host|#hostname:Abhisheks-MacBook-Pro.local,timestamp:1636438960
2021-11-08 22:22:40,461 - MemoryAvailable.Megabytes:2419.1953125|#Level:Host|#hostname:Abhisheks-MacBook-Pro.local,timestamp:1636438960
2021-11-08 22:22:40,462 - MemoryUsed.Megabytes:4554.1171875|#Level:Host|#hostname:Abhisheks-MacBook-Pro.local,timestamp:1636438960
2021-11-08 22:22:40,462 - MemoryUtilization.Percent:70.5|#Level:Host|#hostname:Abhisheks-MacBook-Pro.local,timestamp:1636438960
2021-11-08 22:23:28,005 - Requests2XX.Count:1|#Level:Host|#hostname:Abhisheks-MacBook-Pro.local,timestamp:null
2021-11-08 22:23:28,005 - QueueTime.ms:0|#Level:Host|#hostname:Abhisheks-MacBook-Pro.local,timestamp:null
2021-11-08 22:23:28,006 - WorkerThreadTime.ms:37|#Level:Host|#hostname:Abhisheks-MacBook-Pro.local,timestamp:null
2021-11-08 22:23:40,454 - CPUUtilization.Percent:0.0|#Level:Host|#hostname:Abhisheks-MacBook-Pro.local,timestamp:1636439020
2021-11-08 22:23:40,455 - DiskAvailable.Gigabytes:268.6970977783203|#Level:Host|#hostname:Abhisheks-MacBook-Pro.local,timestamp:1636439020
2021-11-08 22:23:40,455 - DiskUsage.Gigabytes:10.44791030883789|#Level:Host|#hostname:Abhisheks-MacBook-Pro.local,timestamp:1636439020
2021-11-08 22:23:40,455 - DiskUtilization.Percent:3.7|#Level:Host|#hostname:Abhisheks-MacBook-Pro.local,timestamp:1636439020
2021-11-08 22:23:40,455 - MemoryAvailable.Megabytes:2364.5234375|#Level:Host|#hostname:Abhisheks-MacBook-Pro.local,timestamp:1636439020
2021-11-08 22:23:40,456 - MemoryUsed.Megabytes:4541.609375|#Level:Host|#hostname:Abhisheks-MacBook-Pro.local,timestamp:1636439020
2021-11-08 22:23:40,456 - MemoryUtilization.Percent:71.1|#Level:Host|#hostname:Abhisheks-MacBook-Pro.local,timestamp:1636439020
2021-11-08 22:23:45,540 - Requests2XX.Count:1|#Level:Host|#hostname:Abhisheks-MacBook-Pro.local,timestamp:null
